Using pre-set license
Built from '2021.3/staging' branch; Version is '2021.3.24f1 (cf10dcf7010d) revision 13570268'; Using compiler version '192829333'; Build Type 'Release'
OS: 'Windows 11  (10.0.22621) 64bit Professional' Language: 'de' Physical Memory: 32431 MB
BatchMode: 1, IsHumanControllingUs: 0, StartBugReporterOnCrash: 0, Is64bit: 1, IsPro: 1

COMMAND LINE ARGUMENTS:
C:\Program Files\Unity\Hub\Editor\2021.3.24f1\Editor\Unity.exe
-adb2
-batchMode
-noUpm
-name
AssetImportWorker0
-projectPath
C:/Users/bernh/unity/projects/Tutorial.2.2.0
-logFile
Logs/AssetImportWorker0.log
-srvPort
60340
Successfully changed project path to: C:/Users/bernh/unity/projects/Tutorial.2.2.0
C:/Users/bernh/unity/projects/Tutorial.2.2.0
[UnityMemory] Configuration Parameters - Can be set up in boot.config
    "memorysetup-bucket-allocator-granularity=16"
    "memorysetup-bucket-allocator-bucket-count=8"
    "memorysetup-bucket-allocator-block-size=33554432"
    "memorysetup-bucket-allocator-block-count=8"
    "memorysetup-main-allocator-block-size=16777216"
    "memorysetup-thread-allocator-block-size=16777216"
    "memorysetup-gfx-main-allocator-block-size=16777216"
    "memorysetup-gfx-thread-allocator-block-size=16777216"
    "memorysetup-cache-allocator-block-size=4194304"
    "memorysetup-typetree-allocator-block-size=2097152"
    "memorysetup-profiler-bucket-allocator-granularity=16"
    "memorysetup-profiler-bucket-allocator-bucket-count=8"
    "memorysetup-profiler-bucket-allocator-block-size=33554432"
    "memorysetup-profiler-bucket-allocator-block-count=8"
    "memorysetup-profiler-allocator-block-size=16777216"
    "memorysetup-profiler-editor-allocator-block-size=1048576"
    "memorysetup-temp-allocator-size-main=16777216"
    "memorysetup-job-temp-allocator-block-size=2097152"
    "memorysetup-job-temp-allocator-block-size-background=1048576"
    "memorysetup-job-temp-allocator-reduction-small-platforms=262144"
    "memorysetup-temp-allocator-size-background-worker=32768"
    "memorysetup-temp-allocator-size-job-worker=262144"
    "memorysetup-temp-allocator-size-preload-manager=33554432"
    "memorysetup-temp-allocator-size-nav-mesh-worker=65536"
    "memorysetup-temp-allocator-size-audio-worker=65536"
    "memorysetup-temp-allocator-size-cloud-worker=32768"
    "memorysetup-temp-allocator-size-gi-baking-worker=262144"
    "memorysetup-temp-allocator-size-gfx=262144"
Player connection [17712] Host "[IP] 192.168.0.17 [Port] 0 [Flags] 2 [Guid] 2542455037 [EditorId] 2542455037 [Version] 1048832 [Id] WindowsEditor(7,DESKTOP-GOLFHML) [Debug] 1 [PackageName] WindowsEditor [ProjectName] Editor" joined multi-casting on [225.0.0.222:54997]...

Player connection [17712] Host "[IP] 192.168.0.17 [Port] 0 [Flags] 2 [Guid] 2542455037 [EditorId] 2542455037 [Version] 1048832 [Id] WindowsEditor(7,DESKTOP-GOLFHML) [Debug] 1 [PackageName] WindowsEditor [ProjectName] Editor" joined alternative multi-casting on [225.0.0.222:34997]...

Refreshing native plugins compatible for Editor in 70.26 ms, found 3 plugins.
Preloading 0 native plugins for Editor in 0.00 ms.
Initialize engine version: 2021.3.24f1 (cf10dcf7010d)
[Subsystems] Discovering subsystems at path C:/Program Files/Unity/Hub/Editor/2021.3.24f1/Editor/Data/Resources/UnitySubsystems
[Subsystems] Discovering subsystems at path C:/Users/bernh/unity/projects/Tutorial.2.2.0/Assets
GfxDevice: creating device client; threaded=0; jobified=0
Direct3D:
    Version:  Direct3D 11.0 [level 11.1]
    Renderer: NVIDIA T1200 Laptop GPU (ID=0x1fbc)
    Vendor:   NVIDIA
    VRAM:     3964 MB
    Driver:   31.0.15.1801
Initialize mono
Mono path[0] = 'C:/Program Files/Unity/Hub/Editor/2021.3.24f1/Editor/Data/Managed'
Mono path[1] = 'C:/Program Files/Unity/Hub/Editor/2021.3.24f1/Editor/Data/MonoBleedingEdge/lib/mono/unityjit-win32'
Mono config path = 'C:/Program Files/Unity/Hub/Editor/2021.3.24f1/Editor/Data/MonoBleedingEdge/etc'
Using monoOptions --debugger-agent=transport=dt_socket,embedding=1,server=y,suspend=n,address=127.0.0.1:56160
Begin MonoManager ReloadAssembly
Registering precompiled unity dll's ...
Register platform support module: C:/Program Files/Unity/Hub/Editor/2021.3.24f1/Editor/Data/PlaybackEngines/AndroidPlayer/UnityEditor.Android.Extensions.dll
Register platform support module: C:/Program Files/Unity/Hub/Editor/2021.3.24f1/Editor/Data/PlaybackEngines/WindowsStandaloneSupport/UnityEditor.WindowsStandalone.Extensions.dll
Registered in 0.002826 seconds.
Native extension for WindowsStandalone target not found
Native extension for Android target not found
Android Extension - Scanning For ADB Devices 204 ms
Refreshing native plugins compatible for Editor in 48.78 ms, found 3 plugins.
Preloading 0 native plugins for Editor in 0.00 ms.
Mono: successfully reloaded assembly
- Completed reload, in  0.693 seconds
Domain Reload Profiling:
	ReloadAssembly (693ms)
		BeginReloadAssembly (87ms)
			ExecutionOrderSort (0ms)
			DisableScriptedObjects (0ms)
			BackupInstance (0ms)
			ReleaseScriptingObjects (0ms)
			CreateAndSetChildDomain (1ms)
		EndReloadAssembly (537ms)
			LoadAssemblies (84ms)
			RebuildTransferFunctionScriptingTraits (0ms)
			SetupTypeCache (77ms)
			ReleaseScriptCaches (0ms)
			RebuildScriptCaches (23ms)
			SetupLoadedEditorAssemblies (402ms)
				LogAssemblyErrors (0ms)
				InitializePlatformSupportModulesInManaged (266ms)
				SetLoadedEditorAssemblies (0ms)
				RefreshPlugins (49ms)
				BeforeProcessingInitializeOnLoad (1ms)
				ProcessInitializeOnLoadAttributes (60ms)
				ProcessInitializeOnLoadMethodAttributes (26ms)
				AfterProcessingInitializeOnLoad (0ms)
				EditorAssembliesLoaded (0ms)
			ExecutionOrderSort2 (0ms)
			AwakeInstancesAfterBackupRestoration (0ms)
Platform modules already initialized, skipping
Registering precompiled user dll's ...
Registered in 0.002590 seconds.
Begin MonoManager ReloadAssembly
Symbol file LoadedFromMemory doesn't match image C:\Users\bernh\unity\projects\Tutorial.2.2.0\Library\PackageCache\com.unity.visualscripting@1.8.0\Editor\VisualScripting.Core\Dependencies\YamlDotNet\Unity.VisualScripting.YamlDotNet.dll
Symbol file LoadedFromMemory doesn't match image C:\Users\bernh\unity\projects\Tutorial.2.2.0\Library\PackageCache\com.unity.visualscripting@1.8.0\Editor\VisualScripting.Core\Dependencies\DotNetZip\Unity.VisualScripting.IonicZip.dll
Native extension for WindowsStandalone target not found
Native extension for Android target not found
Refreshing native plugins compatible for Editor in 0.40 ms, found 3 plugins.
Preloading 0 native plugins for Editor in 0.00 ms.
Mono: successfully reloaded assembly
- Completed reload, in  0.788 seconds
Domain Reload Profiling:
	ReloadAssembly (789ms)
		BeginReloadAssembly (86ms)
			ExecutionOrderSort (0ms)
			DisableScriptedObjects (4ms)
			BackupInstance (0ms)
			ReleaseScriptingObjects (0ms)
			CreateAndSetChildDomain (17ms)
		EndReloadAssembly (627ms)
			LoadAssemblies (62ms)
			RebuildTransferFunctionScriptingTraits (0ms)
			SetupTypeCache (173ms)
			ReleaseScriptCaches (0ms)
			RebuildScriptCaches (32ms)
			SetupLoadedEditorAssemblies (331ms)
				LogAssemblyErrors (0ms)
				InitializePlatformSupportModulesInManaged (10ms)
				SetLoadedEditorAssemblies (0ms)
				RefreshPlugins (0ms)
				BeforeProcessingInitializeOnLoad (48ms)
				ProcessInitializeOnLoadAttributes (254ms)
				ProcessInitializeOnLoadMethodAttributes (14ms)
				AfterProcessingInitializeOnLoad (3ms)
				EditorAssembliesLoaded (0ms)
			ExecutionOrderSort2 (0ms)
			AwakeInstancesAfterBackupRestoration (4ms)
Platform modules already initialized, skipping
========================================================================
Worker process is ready to serve import requests
Launched and connected shader compiler UnityShaderCompiler.exe after 0.03 seconds
Refreshing native plugins compatible for Editor in 0.55 ms, found 3 plugins.
Preloading 0 native plugins for Editor in 0.00 ms.
Unloading 3047 Unused Serialized files (Serialized files now loaded: 0)
Unloading 24 unused Assets / (113.4 KB). Loaded Objects now: 3523.
Memory consumption went from 119.5 MB to 119.4 MB.
Total: 3.089400 ms (FindLiveObjects: 0.285900 ms CreateObjectMapping: 0.094200 ms MarkObjects: 2.586200 ms  DeleteObjects: 0.121500 ms)

AssetImportParameters requested are different than current active one (requested -> active):
  custom:video-decoder-ogg-theora: a1e56fd34408186e4bbccfd4996cb3dc -> 
  custom:container-muxer-webm: aa71ff27fc2769a1b78a27578f13a17b -> 
  custom:container-demuxer-webm: 4f35f7cbe854078d1ac9338744f61a02 -> 
  custom:video-encoder-webm-vp8: eb34c28f22e8b96e1ab97ce403110664 -> 
  custom:audio-encoder-webm-vorbis: bf7c407c2cedff20999df2af8eb42d56 -> 
  custom:framework-win-MediaFoundation: 216162199b28c13a410421893ffa2e32 -> 
  custom:container-demuxer-ogg: 62fdf1f143b41e24485cea50d1cbac27 -> 
  custom:video-decoder-webm-vp8: 9c59270c3fd7afecdb556c50c9e8de78 -> 
  custom:audio-decoder-ogg-vorbis: bf7c407c2cedff20999df2af8eb42d56 -> 
========================================================================
Received Import Request.
  Time since last request: 396562.043733 seconds.
  path: Assets/New Terrain.asset
  artifactKey: Guid(abf7da730a0625e41881072c0ad088b4) Importer(815301076,1909f56bfc062723c751e8b465ee728b)
Start importing Assets/New Terrain.asset using Guid(abf7da730a0625e41881072c0ad088b4) Importer(815301076,1909f56bfc062723c751e8b465ee728b)  -> (artifact id: '82421af9e3fc71c409f63747f5d828ac') in 0.051930 seconds 
========================================================================
Received Import Request.
  Time since last request: 52.671742 seconds.
  path: Assets
  artifactKey: Guid(00000000000000001000000000000000) Importer(815301076,1909f56bfc062723c751e8b465ee728b)
Start importing Assets using Guid(00000000000000001000000000000000) Importer(815301076,1909f56bfc062723c751e8b465ee728b)  -> (artifact id: '79842766b460edbeab6a34051e857a80') in 0.011811 seconds 
========================================================================
Received Import Request.
  Time since last request: 11.694847 seconds.
  path: Assets/Models
  artifactKey: Guid(0787816e2006c96488f904486a7e571f) Importer(815301076,1909f56bfc062723c751e8b465ee728b)
Start importing Assets/Models using Guid(0787816e2006c96488f904486a7e571f) Importer(815301076,1909f56bfc062723c751e8b465ee728b)  -> (artifact id: '432ad8a539f9cc982d300bb3ee4bce9e') in 0.009602 seconds 
========================================================================
Received Import Request.
  Time since last request: 102.444426 seconds.
  path: Assets/buggy.blend1
  artifactKey: Guid(2e1f17ebd4ab3be43b6784ad429c68b2) Importer(815301076,1909f56bfc062723c751e8b465ee728b)
Start importing Assets/buggy.blend1 using Guid(2e1f17ebd4ab3be43b6784ad429c68b2) Importer(815301076,1909f56bfc062723c751e8b465ee728b)  -> (artifact id: '4341b53caae21ca0693a35cdf0c9e6f1') in 0.011849 seconds 
========================================================================
Received Import Request.
  Time since last request: 10.310929 seconds.
  path: Assets/Models/buggy.blend
  artifactKey: Guid(a1b3268ce27e7f847852827132b25ad1) Importer(815301076,1909f56bfc062723c751e8b465ee728b)
Start importing Assets/Models/buggy.blend using Guid(a1b3268ce27e7f847852827132b25ad1) Importer(815301076,1909f56bfc062723c751e8b465ee728b)  -> (artifact id: '67cda883083dc8233927b47c57af2206') in 0.228821 seconds 
========================================================================
Received Import Request.
  Time since last request: 321.945423 seconds.
  path: Assets/Models/buggy.blend
  artifactKey: Guid(a1b3268ce27e7f847852827132b25ad1) Importer(815301076,1909f56bfc062723c751e8b465ee728b)
Start importing Assets/Models/buggy.blend using Guid(a1b3268ce27e7f847852827132b25ad1) Importer(815301076,1909f56bfc062723c751e8b465ee728b)  -> (artifact id: 'ea0a591a20441ea8259e29427d1c6d66') in 0.070940 seconds 
========================================================================
Received Import Request.
  Time since last request: 114.731262 seconds.
  path: Assets/Models/buggy.blend
  artifactKey: Guid(a1b3268ce27e7f847852827132b25ad1) Importer(815301076,1909f56bfc062723c751e8b465ee728b)
Start importing Assets/Models/buggy.blend using Guid(a1b3268ce27e7f847852827132b25ad1) Importer(815301076,1909f56bfc062723c751e8b465ee728b)  -> (artifact id: '8fdf1e732e676686c2c51ef1065a45ab') in 0.077966 seconds 
========================================================================
Received Import Request.
  Time since last request: 5.698475 seconds.
  path: Assets/Models/textures/buggy.mat
  artifactKey: Guid(5e93debc4d0945141a149e771034b757) Importer(815301076,1909f56bfc062723c751e8b465ee728b)
Start importing Assets/Models/textures/buggy.mat using Guid(5e93debc4d0945141a149e771034b757) Importer(815301076,1909f56bfc062723c751e8b465ee728b)  -> (artifact id: 'f7005d4adc5075352b1234b7b8569573') in 0.022385 seconds 
========================================================================
Received Import Request.
  Time since last request: 0.000041 seconds.
  path: Assets/Models/textures/buggy_spec.tga
  artifactKey: Guid(983b2371c80de73469104912ca2fa95f) Importer(815301076,1909f56bfc062723c751e8b465ee728b)
Start importing Assets/Models/textures/buggy_spec.tga using Guid(983b2371c80de73469104912ca2fa95f) Importer(815301076,1909f56bfc062723c751e8b465ee728b)  -> (artifact id: 'bfa30b32a6be06c35cf50dd668df75cd') in 0.026843 seconds 
========================================================================
Received Import Request.
  Time since last request: 0.000026 seconds.
  path: Assets/Models/textures/buggy_nrm.tga
  artifactKey: Guid(7d6e8d2b0f5ed0849920dca019f274a2) Importer(815301076,1909f56bfc062723c751e8b465ee728b)
Start importing Assets/Models/textures/buggy_nrm.tga using Guid(7d6e8d2b0f5ed0849920dca019f274a2) Importer(815301076,1909f56bfc062723c751e8b465ee728b)  -> (artifact id: '555d920f50cf40405659a9105b56c4b8') in 0.015341 seconds 
========================================================================
Received Import Request.
  Time since last request: 176.525514 seconds.
  path: Assets/Models/textures
  artifactKey: Guid(1581434c0fafec046a93dad001e36798) Importer(815301076,1909f56bfc062723c751e8b465ee728b)
Start importing Assets/Models/textures using Guid(1581434c0fafec046a93dad001e36798) Importer(815301076,1909f56bfc062723c751e8b465ee728b)  -> (artifact id: '880286750150be3b2d4fe83195578d43') in 0.010006 seconds 
